c:\users\shay\source\repos\hw2\hw2\debug\vc142.pdb
c:\users\shay\source\repos\hw2\hw2\debug\vc142.idb
c:\users\shay\source\repos\hw2\hw2\debug\wholesaler.obj
c:\users\shay\source\repos\hw2\hw2\debug\person.obj
c:\users\shay\source\repos\hw2\hw2\debug\hw2.obj
c:\users\shay\source\repos\hw2\hw2\debug\grower.obj
c:\users\shay\source\repos\hw2\hw2\debug\gardener.obj
c:\users\shay\source\repos\hw2\hw2\debug\flowersbouquet.obj
c:\users\shay\source\repos\hw2\hw2\debug\flowerarranger.obj
c:\users\shay\source\repos\hw2\hw2\debug\florist.obj
c:\users\shay\source\repos\hw2\hw2\debug\deliveryperson.obj
c:\users\shay\source\repos\hw2\debug\hw2.exe
c:\users\shay\source\repos\hw2\debug\hw2.ilk
c:\users\shay\source\repos\hw2\debug\hw2.pdb
c:\users\shay\source\repos\hw2\hw2\debug\hw2.tlog\cl.command.1.tlog
c:\users\shay\source\repos\hw2\hw2\debug\hw2.tlog\cl.read.1.tlog
c:\users\shay\source\repos\hw2\hw2\debug\hw2.tlog\cl.write.1.tlog
c:\users\shay\source\repos\hw2\hw2\debug\hw2.tlog\link.command.1.tlog
c:\users\shay\source\repos\hw2\hw2\debug\hw2.tlog\link.read.1.tlog
c:\users\shay\source\repos\hw2\hw2\debug\hw2.tlog\link.write.1.tlog
